{"level":"info","message":"Telegram bot initialized","service":"trading-engine","timestamp":"2026-06-04 02:58:14"}
{"level":"info","message":"Connected to database: D:\\project_upwork\\omnitrader\\db\\trading.db","service":"trading-engine","timestamp":"2026-06-04 02:58:14"}
{"level":"info","message":"Trading engine initialized","service":"trading-engine","timestamp":"2026-06-04 02:58:14"}
{"level":"info","message":"Disconnected from database","service":"trading-engine","timestamp":"2026-06-04 02:58:14"}
{"level":"info","message":"Telegram bot initialized","service":"trading-engine","timestamp":"2026-06-04 02:58:38"}
{"level":"info","message":"Connected to database: D:\\project_upwork\\omnitrader\\db\\trading.db","service":"trading-engine","timestamp":"2026-06-04 02:58:38"}
{"level":"info","message":"Trading engine initialized","service":"trading-engine","timestamp":"2026-06-04 02:58:38"}
{"level":"info","message":"Fetched 100 candles for XAGUSDT h1","service":"trading-engine","timestamp":"2026-06-04 02:58:41"}
{"level":"info","message":"Position size calc: risk=5$, balance=$0.00006572, entry=$73.31, sl=$71.8, size=3.3112582781456843","service":"trading-engine","timestamp":"2026-06-04 02:58:42"}
{"level":"error","message":"API error in placeOrder: Bybit API error: ab not enough for new order","service":"trading-engine","stack":"Error: Bybit API error: ab not enough for new order\n    at BybitService.axiosInstance.interceptors.response.use.logger.apiError.status (D:\\project_upwork\\omnitrader\\src\\engine\\services\\bybitService.js:51:17)\n    at process.processTicksAndRejections (node:internal/process/task_queues:104:5)\n    at async Axios.request (D:\\project_upwork\\omnitrader\\src\\engine\\node_modules\\axios\\dist\\node\\axios.cjs:4988:14)\n    at async BybitService.placeOrder (D:\\project_upwork\\omnitrader\\src\\engine\\services\\bybitService.js:237:24)\n    at async EntryService.placeEntryOrder (D:\\project_upwork\\omnitrader\\src\\engine\\services\\entryService.js:100:26)\n    at async main (D:\\project_upwork\\omnitrader\\src\\engine\\cli\\placeEntry.js:54:3)","timestamp":"2026-06-04 02:58:42"}
{"level":"error","message":"API error in placeOrder: Bybit API error: ab not enough for new order","service":"trading-engine","stack":"Error: Bybit API error: ab not enough for new order\n    at BybitService.axiosInstance.interceptors.response.use.logger.apiError.status (D:\\project_upwork\\omnitrader\\src\\engine\\services\\bybitService.js:51:17)\n    at process.processTicksAndRejections (node:internal/process/task_queues:104:5)\n    at async Axios.request (D:\\project_upwork\\omnitrader\\src\\engine\\node_modules\\axios\\dist\\node\\axios.cjs:4988:14)\n    at async BybitService.placeOrder (D:\\project_upwork\\omnitrader\\src\\engine\\services\\bybitService.js:237:24)\n    at async EntryService.placeEntryOrder (D:\\project_upwork\\omnitrader\\src\\engine\\services\\entryService.js:100:26)\n    at async main (D:\\project_upwork\\omnitrader\\src\\engine\\cli\\placeEntry.js:54:3)","timestamp":"2026-06-04 02:58:42"}
{"level":"info","message":"Telegram bot initialized","service":"trading-engine","timestamp":"2026-06-04 02:59:27"}
{"level":"info","message":"Connected to database: D:\\project_upwork\\omnitrader\\db\\trading.db","service":"trading-engine","timestamp":"2026-06-04 02:59:27"}
{"level":"info","message":"Trading engine initialized","service":"trading-engine","timestamp":"2026-06-04 02:59:27"}
{"level":"info","message":"Fetched 100 candles for XAGUSDT h1","service":"trading-engine","timestamp":"2026-06-04 02:59:29"}
{"level":"info","message":"Position size calc: risk=5$, balance=$0.00006572, entry=$73.31, sl=$71.8, size=3.3112582781456843","service":"trading-engine","timestamp":"2026-06-04 02:59:30"}
{"level":"error","message":"API error in placeOrder: Bybit API error: ab not enough for new order","service":"trading-engine","stack":"Error: Bybit API error: ab not enough for new order\n    at BybitService.axiosInstance.interceptors.response.use.logger.apiError.status (D:\\project_upwork\\omnitrader\\src\\engine\\services\\bybitService.js:51:17)\n    at process.processTicksAndRejections (node:internal/process/task_queues:104:5)\n    at async Axios.request (D:\\project_upwork\\omnitrader\\src\\engine\\node_modules\\axios\\dist\\node\\axios.cjs:4988:14)\n    at async BybitService.placeOrder (D:\\project_upwork\\omnitrader\\src\\engine\\services\\bybitService.js:237:24)\n    at async EntryService.placeEntryOrder (D:\\project_upwork\\omnitrader\\src\\engine\\services\\entryService.js:101:26)\n    at async main (D:\\project_upwork\\omnitrader\\src\\engine\\cli\\placeEntry.js:54:3)","timestamp":"2026-06-04 02:59:30"}
{"level":"error","message":"API error in placeOrder: Bybit API error: ab not enough for new order","service":"trading-engine","stack":"Error: Bybit API error: ab not enough for new order\n    at BybitService.axiosInstance.interceptors.response.use.logger.apiError.status (D:\\project_upwork\\omnitrader\\src\\engine\\services\\bybitService.js:51:17)\n    at process.processTicksAndRejections (node:internal/process/task_queues:104:5)\n    at async Axios.request (D:\\project_upwork\\omnitrader\\src\\engine\\node_modules\\axios\\dist\\node\\axios.cjs:4988:14)\n    at async BybitService.placeOrder (D:\\project_upwork\\omnitrader\\src\\engine\\services\\bybitService.js:237:24)\n    at async EntryService.placeEntryOrder (D:\\project_upwork\\omnitrader\\src\\engine\\services\\entryService.js:101:26)\n    at async main (D:\\project_upwork\\omnitrader\\src\\engine\\cli\\placeEntry.js:54:3)","timestamp":"2026-06-04 02:59:30"}
{"level":"info","message":"Telegram bot initialized","service":"trading-engine","timestamp":"2026-06-04 03:00:25"}
{"level":"info","message":"Connected to database: D:\\project_upwork\\omnitrader\\db\\trading.db","service":"trading-engine","timestamp":"2026-06-04 03:00:25"}
{"level":"info","message":"Trading engine initialized","service":"trading-engine","timestamp":"2026-06-04 03:00:25"}
{"level":"info","message":"Fetched 100 candles for XAGUSDT h1","service":"trading-engine","timestamp":"2026-06-04 03:00:27"}
{"level":"info","message":"Position size calc: risk=5$, balance=$0.00006572, entry=$73.38, sl=$71.8, size=3.16455696202532","service":"trading-engine","timestamp":"2026-06-04 03:00:27"}
{"level":"error","message":"API error in placeOrder: Bybit API error: ab not enough for new order","service":"trading-engine","stack":"Error: Bybit API error: ab not enough for new order\n    at BybitService.axiosInstance.interceptors.response.use.logger.apiError.status (D:\\project_upwork\\omnitrader\\src\\engine\\services\\bybitService.js:51:17)\n    at process.processTicksAndRejections (node:internal/process/task_queues:104:5)\n    at async Axios.request (D:\\project_upwork\\omnitrader\\src\\engine\\node_modules\\axios\\dist\\node\\axios.cjs:4988:14)\n    at async BybitService.placeOrder (D:\\project_upwork\\omnitrader\\src\\engine\\services\\bybitService.js:237:24)\n    at async EntryService.placeEntryOrder (D:\\project_upwork\\omnitrader\\src\\engine\\services\\entryService.js:101:26)\n    at async main (D:\\project_upwork\\omnitrader\\src\\engine\\cli\\placeEntry.js:57:3)","timestamp":"2026-06-04 03:00:28"}
{"level":"error","message":"API error in placeOrder: Bybit API error: ab not enough for new order","service":"trading-engine","stack":"Error: Bybit API error: ab not enough for new order\n    at BybitService.axiosInstance.interceptors.response.use.logger.apiError.status (D:\\project_upwork\\omnitrader\\src\\engine\\services\\bybitService.js:51:17)\n    at process.processTicksAndRejections (node:internal/process/task_queues:104:5)\n    at async Axios.request (D:\\project_upwork\\omnitrader\\src\\engine\\node_modules\\axios\\dist\\node\\axios.cjs:4988:14)\n    at async BybitService.placeOrder (D:\\project_upwork\\omnitrader\\src\\engine\\services\\bybitService.js:237:24)\n    at async EntryService.placeEntryOrder (D:\\project_upwork\\omnitrader\\src\\engine\\services\\entryService.js:101:26)\n    at async main (D:\\project_upwork\\omnitrader\\src\\engine\\cli\\placeEntry.js:57:3)","timestamp":"2026-06-04 03:00:28"}
{"level":"info","message":"Telegram bot initialized","service":"trading-engine","timestamp":"2026-06-04 03:02:01"}
{"level":"info","message":"Connected to database: D:\\project_upwork\\omnitrader\\db\\trading.db","service":"trading-engine","timestamp":"2026-06-04 03:02:01"}
{"level":"info","message":"Trading engine initialized","service":"trading-engine","timestamp":"2026-06-04 03:02:01"}
{"level":"info","message":"Fetched 100 candles for XAGUSDT h1","service":"trading-engine","timestamp":"2026-06-04 03:02:02"}
{"level":"info","message":"Position size calc: risk=5$, balance=$0.00006572, entry=$73.38, sl=$71.8, size=3.16455696202532","service":"trading-engine","timestamp":"2026-06-04 03:02:03"}
{"level":"error","message":"API error in placeOrder: Bybit API error: ab not enough for new order","service":"trading-engine","stack":"Error: Bybit API error: ab not enough for new order\n    at BybitService.axiosInstance.interceptors.response.use.logger.apiError.status (D:\\project_upwork\\omnitrader\\src\\engine\\services\\bybitService.js:51:17)\n    at process.processTicksAndRejections (node:internal/process/task_queues:104:5)\n    at async Axios.request (D:\\project_upwork\\omnitrader\\src\\engine\\node_modules\\axios\\dist\\node\\axios.cjs:4988:14)\n    at async BybitService.placeOrder (D:\\project_upwork\\omnitrader\\src\\engine\\services\\bybitService.js:237:24)\n    at async EntryService.placeEntryOrder (D:\\project_upwork\\omnitrader\\src\\engine\\services\\entryService.js:101:26)\n    at async main (D:\\project_upwork\\omnitrader\\src\\engine\\cli\\placeEntry.js:57:3)","timestamp":"2026-06-04 03:02:03"}
{"level":"error","message":"API error in placeOrder: Bybit API error: ab not enough for new order","service":"trading-engine","stack":"Error: Bybit API error: ab not enough for new order\n    at BybitService.axiosInstance.interceptors.response.use.logger.apiError.status (D:\\project_upwork\\omnitrader\\src\\engine\\services\\bybitService.js:51:17)\n    at process.processTicksAndRejections (node:internal/process/task_queues:104:5)\n    at async Axios.request (D:\\project_upwork\\omnitrader\\src\\engine\\node_modules\\axios\\dist\\node\\axios.cjs:4988:14)\n    at async BybitService.placeOrder (D:\\project_upwork\\omnitrader\\src\\engine\\services\\bybitService.js:237:24)\n    at async EntryService.placeEntryOrder (D:\\project_upwork\\omnitrader\\src\\engine\\services\\entryService.js:101:26)\n    at async main (D:\\project_upwork\\omnitrader\\src\\engine\\cli\\placeEntry.js:57:3)","timestamp":"2026-06-04 03:02:03"}
{"level":"info","message":"Telegram bot initialized","service":"trading-engine","timestamp":"2026-06-04 03:02:38"}
{"level":"info","message":"Connected to database: D:\\project_upwork\\omnitrader\\db\\trading.db","service":"trading-engine","timestamp":"2026-06-04 03:02:38"}
{"level":"info","message":"Trading engine initialized","service":"trading-engine","timestamp":"2026-06-04 03:02:38"}
{"level":"info","message":"Fetched 100 candles for XAGUSDT h1","service":"trading-engine","timestamp":"2026-06-04 03:02:39"}
{"level":"info","message":"Position size calc: risk=5$, balance=$0.00006572, entry=$73.38, sl=$71.8, size=3.16455696202532","service":"trading-engine","timestamp":"2026-06-04 03:02:40"}
{"level":"error","message":"API error in placeOrder: Bybit API error: ab not enough for new order","service":"trading-engine","stack":"Error: Bybit API error: ab not enough for new order\n    at BybitService.axiosInstance.interceptors.response.use.logger.apiError.status (D:\\project_upwork\\omnitrader\\src\\engine\\services\\bybitService.js:51:17)\n    at process.processTicksAndRejections (node:internal/process/task_queues:104:5)\n    at async Axios.request (D:\\project_upwork\\omnitrader\\src\\engine\\node_modules\\axios\\dist\\node\\axios.cjs:4988:14)\n    at async BybitService.placeOrder (D:\\project_upwork\\omnitrader\\src\\engine\\services\\bybitService.js:237:24)\n    at async EntryService.placeEntryOrder (D:\\project_upwork\\omnitrader\\src\\engine\\services\\entryService.js:101:26)\n    at async main (D:\\project_upwork\\omnitrader\\src\\engine\\cli\\placeEntry.js:57:3)","timestamp":"2026-06-04 03:02:40"}
{"level":"error","message":"API error in placeOrder: Bybit API error: ab not enough for new order","service":"trading-engine","stack":"Error: Bybit API error: ab not enough for new order\n    at BybitService.axiosInstance.interceptors.response.use.logger.apiError.status (D:\\project_upwork\\omnitrader\\src\\engine\\services\\bybitService.js:51:17)\n    at process.processTicksAndRejections (node:internal/process/task_queues:104:5)\n    at async Axios.request (D:\\project_upwork\\omnitrader\\src\\engine\\node_modules\\axios\\dist\\node\\axios.cjs:4988:14)\n    at async BybitService.placeOrder (D:\\project_upwork\\omnitrader\\src\\engine\\services\\bybitService.js:237:24)\n    at async EntryService.placeEntryOrder (D:\\project_upwork\\omnitrader\\src\\engine\\services\\entryService.js:101:26)\n    at async main (D:\\project_upwork\\omnitrader\\src\\engine\\cli\\placeEntry.js:57:3)","timestamp":"2026-06-04 03:02:40"}
{"level":"info","message":"Telegram bot initialized","service":"trading-engine","timestamp":"2026-06-04 03:05:26"}
{"level":"info","message":"Connected to database: D:\\project_upwork\\omnitrader\\db\\trading.db","service":"trading-engine","timestamp":"2026-06-04 03:05:26"}
{"level":"info","message":"Trading engine initialized","service":"trading-engine","timestamp":"2026-06-04 03:05:26"}
{"level":"info","message":"Fetched 100 candles for XAGUSDT h1","service":"trading-engine","timestamp":"2026-06-04 03:05:27"}
{"level":"info","message":"Position size calc: risk=5$, balance=$0.00006572, entry=$73.38, sl=$71.8, size=3.16455696202532","service":"trading-engine","timestamp":"2026-06-04 03:05:28"}
{"level":"error","message":"API error in placeOrder: Bybit API error: ab not enough for new order","service":"trading-engine","stack":"Error: Bybit API error: ab not enough for new order\n    at BybitService.axiosInstance.interceptors.response.use.logger.apiError.status (D:\\project_upwork\\omnitrader\\src\\engine\\services\\bybitService.js:51:17)\n    at process.processTicksAndRejections (node:internal/process/task_queues:104:5)\n    at async Axios.request (D:\\project_upwork\\omnitrader\\src\\engine\\node_modules\\axios\\dist\\node\\axios.cjs:4988:14)\n    at async BybitService.placeOrder (D:\\project_upwork\\omnitrader\\src\\engine\\services\\bybitService.js:236:24)\n    at async EntryService.placeEntryOrder (D:\\project_upwork\\omnitrader\\src\\engine\\services\\entryService.js:101:26)\n    at async main (D:\\project_upwork\\omnitrader\\src\\engine\\cli\\placeEntry.js:57:3)","timestamp":"2026-06-04 03:05:28"}
{"level":"error","message":"API error in placeOrder: Bybit API error: ab not enough for new order","service":"trading-engine","stack":"Error: Bybit API error: ab not enough for new order\n    at BybitService.axiosInstance.interceptors.response.use.logger.apiError.status (D:\\project_upwork\\omnitrader\\src\\engine\\services\\bybitService.js:51:17)\n    at process.processTicksAndRejections (node:internal/process/task_queues:104:5)\n    at async Axios.request (D:\\project_upwork\\omnitrader\\src\\engine\\node_modules\\axios\\dist\\node\\axios.cjs:4988:14)\n    at async BybitService.placeOrder (D:\\project_upwork\\omnitrader\\src\\engine\\services\\bybitService.js:236:24)\n    at async EntryService.placeEntryOrder (D:\\project_upwork\\omnitrader\\src\\engine\\services\\entryService.js:101:26)\n    at async main (D:\\project_upwork\\omnitrader\\src\\engine\\cli\\placeEntry.js:57:3)","timestamp":"2026-06-04 03:05:28"}
{"level":"info","message":"Telegram bot initialized","service":"trading-engine","timestamp":"2026-06-04 03:06:52"}
{"level":"info","message":"Connected to database: D:\\project_upwork\\omnitrader\\db\\trading.db","service":"trading-engine","timestamp":"2026-06-04 03:06:52"}
{"level":"info","message":"Trading engine initialized","service":"trading-engine","timestamp":"2026-06-04 03:06:52"}
{"level":"info","message":"Fetched 100 candles for XAGUSDT h1","service":"trading-engine","timestamp":"2026-06-04 03:06:54"}
{"level":"info","message":"Position size calc: risk=5$, balance=$0.00006572, entry=$73.38, sl=$71.8, size=3.16455696202532","service":"trading-engine","timestamp":"2026-06-04 03:06:55"}
{"level":"error","message":"API error in placeOrder: Bybit API error: ab not enough for new order","service":"trading-engine","stack":"Error: Bybit API error: ab not enough for new order\n    at BybitService.axiosInstance.interceptors.response.use.logger.apiError.status (D:\\project_upwork\\omnitrader\\src\\engine\\services\\bybitService.js:51:17)\n    at process.processTicksAndRejections (node:internal/process/task_queues:104:5)\n    at async Axios.request (D:\\project_upwork\\omnitrader\\src\\engine\\node_modules\\axios\\dist\\node\\axios.cjs:4988:14)\n    at async BybitService.placeOrder (D:\\project_upwork\\omnitrader\\src\\engine\\services\\bybitService.js:236:24)\n    at async EntryService.placeEntryOrder (D:\\project_upwork\\omnitrader\\src\\engine\\services\\entryService.js:101:26)\n    at async main (D:\\project_upwork\\omnitrader\\src\\engine\\cli\\placeEntry.js:53:3)","timestamp":"2026-06-04 03:06:55"}
{"level":"error","message":"API error in placeOrder: Bybit API error: ab not enough for new order","service":"trading-engine","stack":"Error: Bybit API error: ab not enough for new order\n    at BybitService.axiosInstance.interceptors.response.use.logger.apiError.status (D:\\project_upwork\\omnitrader\\src\\engine\\services\\bybitService.js:51:17)\n    at process.processTicksAndRejections (node:internal/process/task_queues:104:5)\n    at async Axios.request (D:\\project_upwork\\omnitrader\\src\\engine\\node_modules\\axios\\dist\\node\\axios.cjs:4988:14)\n    at async BybitService.placeOrder (D:\\project_upwork\\omnitrader\\src\\engine\\services\\bybitService.js:236:24)\n    at async EntryService.placeEntryOrder (D:\\project_upwork\\omnitrader\\src\\engine\\services\\entryService.js:101:26)\n    at async main (D:\\project_upwork\\omnitrader\\src\\engine\\cli\\placeEntry.js:53:3)","timestamp":"2026-06-04 03:06:55"}
{"level":"info","message":"Telegram bot initialized","service":"trading-engine","timestamp":"2026-06-04 03:07:34"}
{"level":"info","message":"Connected to database: D:\\project_upwork\\omnitrader\\db\\trading.db","service":"trading-engine","timestamp":"2026-06-04 03:07:34"}
{"level":"info","message":"Trading engine initialized","service":"trading-engine","timestamp":"2026-06-04 03:07:34"}
{"level":"info","message":"Fetched 100 candles for XAGUSDT h1","service":"trading-engine","timestamp":"2026-06-04 03:07:35"}
{"level":"info","message":"Position size calc: risk=5$, balance=$149.24643204, entry=$73.38, sl=$71.8, size=3.16455696202532","service":"trading-engine","timestamp":"2026-06-04 03:07:36"}
{"level":"info","message":"Order placed: 376a7d93-7598-4100-9edb-8c14e15a0ece for XAGUSDT","service":"trading-engine","timestamp":"2026-06-04 03:07:36"}
{"level":"info","message":"TP prices calc: entry=$73.38, sl=$71.8, TPs=$74.96, $76.54, $78.12, $79.70","service":"trading-engine","timestamp":"2026-06-04 03:07:36"}
{"level":"info","message":"Order placed: 244e7fd6-717a-4b35-8cac-dae4e26ea906 for XAGUSDT","service":"trading-engine","timestamp":"2026-06-04 03:07:37"}
{"level":"error","message":"Error placing entry order for setup #8: Invalid quantity or step size for rounding","service":"trading-engine","stack":"Error: Invalid quantity or step size for rounding\n    at PriceUtils.roundQuantity (D:\\project_upwork\\omnitrader\\src\\engine\\utils\\priceUtils.js:202:13)\n    at PriceUtils.splitQuantity (D:\\project_upwork\\omnitrader\\src\\engine\\utils\\priceUtils.js:219:26)\n    at EntryService.placeEntryOrder (D:\\project_upwork\\omnitrader\\src\\engine\\services\\entryService.js:142:33)\n    at async main (D:\\project_upwork\\omnitrader\\src\\engine\\cli\\placeEntry.js:53:3)","timestamp":"2026-06-04 03:07:37"}
{"level":"error","message":"Error placing entry order for setup #8: Invalid quantity or step size for rounding","service":"trading-engine","stack":"Error: Invalid quantity or step size for rounding\n    at PriceUtils.roundQuantity (D:\\project_upwork\\omnitrader\\src\\engine\\utils\\priceUtils.js:202:13)\n    at PriceUtils.splitQuantity (D:\\project_upwork\\omnitrader\\src\\engine\\utils\\priceUtils.js:219:26)\n    at EntryService.placeEntryOrder (D:\\project_upwork\\omnitrader\\src\\engine\\services\\entryService.js:142:33)\n    at async main (D:\\project_upwork\\omnitrader\\src\\engine\\cli\\placeEntry.js:53:3)","timestamp":"2026-06-04 03:07:37"}
{"level":"info","message":"Telegram bot initialized","service":"trading-engine","timestamp":"2026-06-04 03:14:34"}
{"level":"info","message":"Connected to database: D:\\project_upwork\\omnitrader\\db\\trading.db","service":"trading-engine","timestamp":"2026-06-04 03:14:34"}
{"level":"info","message":"Trading engine initialized","service":"trading-engine","timestamp":"2026-06-04 03:14:34"}
{"level":"info","message":"Fetched 100 candles for XAGUSDT h1","service":"trading-engine","timestamp":"2026-06-04 03:14:36"}
{"level":"info","message":"Position size calc: risk=5$, balance=$149.08460608, entry=$73.38, sl=$71.8, size=3.16455696202532","service":"trading-engine","timestamp":"2026-06-04 03:14:37"}
{"level":"error","message":"Error placing entry order for setup #8: Cannot access 'tpPrices' before initialization","service":"trading-engine","stack":"ReferenceError: Cannot access 'tpPrices' before initialization\n    at EntryService.placeEntryOrder (D:\\project_upwork\\omnitrader\\src\\engine\\services\\entryService.js:103:9)\n    at process.processTicksAndRejections (node:internal/process/task_queues:104:5)\n    at async main (D:\\project_upwork\\omnitrader\\src\\engine\\cli\\placeEntry.js:53:3)","timestamp":"2026-06-04 03:14:37"}
{"level":"info","message":"Telegram bot initialized","service":"trading-engine","timestamp":"2026-06-04 03:15:35"}
{"level":"info","message":"Connected to database: D:\\project_upwork\\omnitrader\\db\\trading.db","service":"trading-engine","timestamp":"2026-06-04 03:15:35"}
{"level":"info","message":"Trading engine initialized","service":"trading-engine","timestamp":"2026-06-04 03:15:35"}
{"level":"info","message":"Fetched 100 candles for XAGUSDT h1","service":"trading-engine","timestamp":"2026-06-04 03:15:37"}
{"level":"info","message":"Position size calc: risk=5$, balance=$149.08460608, entry=$73.38, sl=$71.8, size=3.16455696202532","service":"trading-engine","timestamp":"2026-06-04 03:15:37"}
{"level":"error","message":"Error placing entry order for setup #8: Invalid quantity or step size for rounding","service":"trading-engine","stack":"Error: Invalid quantity or step size for rounding\n    at PriceUtils.roundQuantity (D:\\project_upwork\\omnitrader\\src\\engine\\utils\\priceUtils.js:202:13)\n    at PriceUtils.splitQuantity (D:\\project_upwork\\omnitrader\\src\\engine\\utils\\priceUtils.js:219:26)\n    at EntryService.placeEntryOrder (D:\\project_upwork\\omnitrader\\src\\engine\\services\\entryService.js:94:33)\n    at process.processTicksAndRejections (node:internal/process/task_queues:104:5)\n    at async main (D:\\project_upwork\\omnitrader\\src\\engine\\cli\\placeEntry.js:53:3)","timestamp":"2026-06-04 03:15:38"}
{"level":"info","message":"Telegram bot initialized","service":"trading-engine","timestamp":"2026-06-04 03:18:12"}
{"level":"info","message":"Connected to database: D:\\project_upwork\\omnitrader\\db\\trading.db","service":"trading-engine","timestamp":"2026-06-04 03:18:12"}
{"level":"info","message":"Trading engine initialized","service":"trading-engine","timestamp":"2026-06-04 03:18:12"}
{"level":"info","message":"Fetched 100 candles for XAGUSDT h1","service":"trading-engine","timestamp":"2026-06-04 03:18:14"}
{"level":"info","message":"Position size calc: risk=5$, balance=$149.08460608, entry=$73.38, sl=$71.8, size=3.16455696202532","service":"trading-engine","timestamp":"2026-06-04 03:18:15"}
{"level":"info","message":"TP prices calc: entry=$73.38, sl=$71.8, TPs=$74.96, $76.54, $78.12, $79.70","service":"trading-engine","timestamp":"2026-06-04 03:18:15"}
{"level":"info","message":"Order placed: 1205022b-bde6-4ecb-8520-4019a5ff5b1f for XAGUSDT","service":"trading-engine","timestamp":"2026-06-04 03:18:16"}
{"level":"info","message":"Order placed: 72cc3e51-4834-46a6-84b7-614428c39091 for XAGUSDT","service":"trading-engine","timestamp":"2026-06-04 03:18:16"}
{"level":"error","message":"Error placing entry order for setup #8: Cannot read properties of undefined (reading '0')","service":"trading-engine","stack":"TypeError: Cannot read properties of undefined (reading '0')\n    at EntryService.placeEntryOrder (D:\\project_upwork\\omnitrader\\src\\engine\\services\\entryService.js:155:22)\n    at async main (D:\\project_upwork\\omnitrader\\src\\engine\\cli\\placeEntry.js:53:3)","timestamp":"2026-06-04 03:18:16"}
{"level":"error","message":"Error placing entry order for setup #8: Cannot read properties of undefined (reading '0')","service":"trading-engine","stack":"TypeError: Cannot read properties of undefined (reading '0')\n    at EntryService.placeEntryOrder (D:\\project_upwork\\omnitrader\\src\\engine\\services\\entryService.js:155:22)\n    at async main (D:\\project_upwork\\omnitrader\\src\\engine\\cli\\placeEntry.js:53:3)","timestamp":"2026-06-04 03:18:16"}
{"level":"info","message":"Telegram bot initialized","service":"trading-engine","timestamp":"2026-06-04 03:19:36"}
{"level":"info","message":"Connected to database: D:\\project_upwork\\omnitrader\\db\\trading.db","service":"trading-engine","timestamp":"2026-06-04 03:19:36"}
{"level":"info","message":"Trading engine initialized","service":"trading-engine","timestamp":"2026-06-04 03:19:36"}
{"level":"info","message":"Fetched 100 candles for XAGUSDT h1","service":"trading-engine","timestamp":"2026-06-04 03:19:38"}
{"level":"info","message":"Position size calc: risk=5$, balance=$148.92231944, entry=$73.38, sl=$71.8, size=3.16455696202532","service":"trading-engine","timestamp":"2026-06-04 03:19:40"}
{"level":"error","message":"Error placing entry order for setup #8: Invalid quantity or step size for rounding: 0, stepSize: 0.001","service":"trading-engine","stack":"Error: Invalid quantity or step size for rounding: 0, stepSize: 0.001\n    at PriceUtils.roundQuantity (D:\\project_upwork\\omnitrader\\src\\engine\\utils\\priceUtils.js:202:13)\n    at PriceUtils.splitQuantity (D:\\project_upwork\\omnitrader\\src\\engine\\utils\\priceUtils.js:220:28)\n    at EntryService.placeEntryOrder (D:\\project_upwork\\omnitrader\\src\\engine\\services\\entryService.js:94:33)\n    at process.processTicksAndRejections (node:internal/process/task_queues:104:5)\n    at async main (D:\\project_upwork\\omnitrader\\src\\engine\\cli\\placeEntry.js:53:3)","timestamp":"2026-06-04 03:19:40"}
{"level":"info","message":"Telegram bot initialized","service":"trading-engine","timestamp":"2026-06-04 03:20:44"}
{"level":"info","message":"Connected to database: D:\\project_upwork\\omnitrader\\db\\trading.db","service":"trading-engine","timestamp":"2026-06-04 03:20:44"}
{"level":"info","message":"Trading engine initialized","service":"trading-engine","timestamp":"2026-06-04 03:20:44"}
{"level":"info","message":"Fetched 100 candles for XAGUSDT h1","service":"trading-engine","timestamp":"2026-06-04 03:20:46"}
{"level":"info","message":"Position size calc: risk=5$, balance=$148.92231944, entry=$73.38, sl=$71.8, size=3.16455696202532","service":"trading-engine","timestamp":"2026-06-04 03:20:47"}
{"level":"error","message":"Error placing entry order for setup #8: Invalid quantity or step size for rounding: 0, stepSize: 0.001","service":"trading-engine","stack":"Error: Invalid quantity or step size for rounding: 0, stepSize: 0.001\n    at PriceUtils.roundQuantity (D:\\project_upwork\\omnitrader\\src\\engine\\utils\\priceUtils.js:202:13)\n    at PriceUtils.splitQuantity (D:\\project_upwork\\omnitrader\\src\\engine\\utils\\priceUtils.js:221:28)\n    at EntryService.placeEntryOrder (D:\\project_upwork\\omnitrader\\src\\engine\\services\\entryService.js:94:33)\n    at process.processTicksAndRejections (node:internal/process/task_queues:104:5)\n    at async main (D:\\project_upwork\\omnitrader\\src\\engine\\cli\\placeEntry.js:53:3)","timestamp":"2026-06-04 03:20:47"}
{"level":"info","message":"Telegram bot initialized","service":"trading-engine","timestamp":"2026-06-04 03:21:09"}
{"level":"info","message":"Connected to database: D:\\project_upwork\\omnitrader\\db\\trading.db","service":"trading-engine","timestamp":"2026-06-04 03:21:09"}
{"level":"info","message":"Trading engine initialized","service":"trading-engine","timestamp":"2026-06-04 03:21:09"}
{"level":"info","message":"Fetched 100 candles for XAGUSDT h1","service":"trading-engine","timestamp":"2026-06-04 03:21:11"}
{"level":"info","message":"Position size calc: risk=5$, balance=$148.92231944, entry=$73.38, sl=$71.8, size=3.16455696202532","service":"trading-engine","timestamp":"2026-06-04 03:21:12"}
{"level":"error","message":"Error placing entry order for setup #8: Invalid quantity or step size for rounding: 0, stepSize: 0.001","service":"trading-engine","stack":"Error: Invalid quantity or step size for rounding: 0, stepSize: 0.001\n    at PriceUtils.roundQuantity (D:\\project_upwork\\omnitrader\\src\\engine\\utils\\priceUtils.js:202:13)\n    at PriceUtils.splitQuantity (D:\\project_upwork\\omnitrader\\src\\engine\\utils\\priceUtils.js:220:28)\n    at EntryService.placeEntryOrder (D:\\project_upwork\\omnitrader\\src\\engine\\services\\entryService.js:94:33)\n    at process.processTicksAndRejections (node:internal/process/task_queues:104:5)\n    at async main (D:\\project_upwork\\omnitrader\\src\\engine\\cli\\placeEntry.js:53:3)","timestamp":"2026-06-04 03:21:12"}
{"level":"info","message":"Telegram bot initialized","service":"trading-engine","timestamp":"2026-06-04 03:21:49"}
{"level":"info","message":"Connected to database: D:\\project_upwork\\omnitrader\\db\\trading.db","service":"trading-engine","timestamp":"2026-06-04 03:21:49"}
{"level":"info","message":"Trading engine initialized","service":"trading-engine","timestamp":"2026-06-04 03:21:49"}
{"level":"info","message":"Fetched 100 candles for XAGUSDT h1","service":"trading-engine","timestamp":"2026-06-04 03:21:50"}
{"level":"info","message":"Position size calc: risk=5$, balance=$148.92231944, entry=$73.38, sl=$71.8, size=3.16455696202532","service":"trading-engine","timestamp":"2026-06-04 03:21:51"}
{"level":"error","message":"Error placing entry order for setup #8: Invalid quantity or step size for rounding: 0, stepSize: 0.001","service":"trading-engine","stack":"Error: Invalid quantity or step size for rounding: 0, stepSize: 0.001\n    at PriceUtils.roundQuantity (D:\\project_upwork\\omnitrader\\src\\engine\\utils\\priceUtils.js:202:13)\n    at PriceUtils.splitQuantity (D:\\project_upwork\\omnitrader\\src\\engine\\utils\\priceUtils.js:222:28)\n    at EntryService.placeEntryOrder (D:\\project_upwork\\omnitrader\\src\\engine\\services\\entryService.js:94:33)\n    at process.processTicksAndRejections (node:internal/process/task_queues:104:5)\n    at async main (D:\\project_upwork\\omnitrader\\src\\engine\\cli\\placeEntry.js:53:3)","timestamp":"2026-06-04 03:21:51"}
{"level":"info","message":"Telegram bot initialized","service":"trading-engine","timestamp":"2026-06-04 03:32:38"}
{"level":"info","message":"Connected to database: D:\\project_upwork\\omnitrader\\db\\trading.db","service":"trading-engine","timestamp":"2026-06-04 03:32:38"}
{"level":"info","message":"Trading engine initialized","service":"trading-engine","timestamp":"2026-06-04 03:32:38"}
{"level":"info","message":"Fetched 100 candles for XAGUSDT h1","service":"trading-engine","timestamp":"2026-06-04 03:32:40"}
{"level":"info","message":"Position size calc: risk=5$, balance=$148.92231944, entry=$73.38, sl=$71.8, size=3.16455696202532","service":"trading-engine","timestamp":"2026-06-04 03:32:41"}
{"level":"info","message":"TP prices calc: entry=$73.38, sl=$71.8, TPs=$74.96, $76.54, $78.12, $79.70","service":"trading-engine","timestamp":"2026-06-04 03:32:41"}
{"level":"info","message":"Placing order: {\"category\":\"linear\",\"symbol\":\"XAGUSDT\",\"side\":\"Buy\",\"orderType\":\"Market\",\"qty\":\"3.164\",\"timeInForce\":\"GTC\"}","service":"trading-engine","timestamp":"2026-06-04 03:32:41"}
{"level":"info","message":"Order placed: bbe39551-cda3-4f75-b3e9-2a714db3b059 for XAGUSDT","service":"trading-engine","timestamp":"2026-06-04 03:32:42"}
{"level":"info","message":"Placing order: {\"category\":\"linear\",\"symbol\":\"XAGUSDT\",\"side\":\"Sell\",\"orderType\":\"Market\",\"qty\":\"3.164\",\"timeInForce\":\"GTC\",\"stopPx\":\"71.8\",\"triggerBy\":\"MarkPrice\",\"basePrice\":\"73.38\",\"reduceOnly\":true}","service":"trading-engine","timestamp":"2026-06-04 03:32:42"}
{"level":"info","message":"Order placed: 215d35b2-819a-407e-8fe0-64f8051c5b33 for XAGUSDT","service":"trading-engine","timestamp":"2026-06-04 03:32:43"}
{"level":"info","message":"Placing order: {\"category\":\"linear\",\"symbol\":\"XAGUSDT\",\"side\":\"Sell\",\"orderType\":\"Limit\",\"qty\":\"0.791\",\"timeInForce\":\"GTC\",\"price\":\"74.96\",\"reduceOnly\":true}","service":"trading-engine","timestamp":"2026-06-04 03:32:43"}
{"level":"error","message":"API error in placeOrder: Bybit API error: current position is zero, cannot fix reduce-only order qty","service":"trading-engine","stack":"Error: Bybit API error: current position is zero, cannot fix reduce-only order qty\n    at BybitService.axiosInstance.interceptors.response.use.logger.apiError.status (D:\\project_upwork\\omnitrader\\src\\engine\\services\\bybitService.js:50:17)\n    at process.processTicksAndRejections (node:internal/process/task_queues:104:5)\n    at async Axios.request (D:\\project_upwork\\omnitrader\\src\\engine\\node_modules\\axios\\dist\\node\\axios.cjs:4988:14)\n    at async BybitService.placeOrder (D:\\project_upwork\\omnitrader\\src\\engine\\services\\bybitService.js:251:24)\n    at async EntryService.placeEntryOrder (D:\\project_upwork\\omnitrader\\src\\engine\\services\\entryService.js:155:25)\n    at async main (D:\\project_upwork\\omnitrader\\src\\engine\\cli\\placeEntry.js:53:3)","timestamp":"2026-06-04 03:32:43"}
{"level":"error","message":"API error in placeOrder: Bybit API error: current position is zero, cannot fix reduce-only order qty","service":"trading-engine","stack":"Error: Bybit API error: current position is zero, cannot fix reduce-only order qty\n    at BybitService.axiosInstance.interceptors.response.use.logger.apiError.status (D:\\project_upwork\\omnitrader\\src\\engine\\services\\bybitService.js:50:17)\n    at process.processTicksAndRejections (node:internal/process/task_queues:104:5)\n    at async Axios.request (D:\\project_upwork\\omnitrader\\src\\engine\\node_modules\\axios\\dist\\node\\axios.cjs:4988:14)\n    at async BybitService.placeOrder (D:\\project_upwork\\omnitrader\\src\\engine\\services\\bybitService.js:251:24)\n    at async EntryService.placeEntryOrder (D:\\project_upwork\\omnitrader\\src\\engine\\services\\entryService.js:155:25)\n    at async main (D:\\project_upwork\\omnitrader\\src\\engine\\cli\\placeEntry.js:53:3)","timestamp":"2026-06-04 03:32:43"}
{"level":"info","message":"Telegram bot initialized","service":"trading-engine","timestamp":"2026-06-04 03:35:01"}
{"level":"info","message":"Connected to database: D:\\project_upwork\\omnitrader\\db\\trading.db","service":"trading-engine","timestamp":"2026-06-04 03:35:01"}
{"level":"info","message":"Trading engine initialized","service":"trading-engine","timestamp":"2026-06-04 03:35:01"}
{"level":"info","message":"Fetched 100 candles for XAGUSDT h1","service":"trading-engine","timestamp":"2026-06-04 03:35:03"}
{"level":"info","message":"Position size calc: risk=5$, balance=$148.76013912, entry=$73.38, sl=$71.8, size=3.16455696202532","service":"trading-engine","timestamp":"2026-06-04 03:35:04"}
{"level":"info","message":"TP prices calc: entry=$73.38, sl=$71.8, TPs=$74.96, $76.54, $78.12, $79.70","service":"trading-engine","timestamp":"2026-06-04 03:35:04"}
{"level":"info","message":"Placing order: {\"category\":\"linear\",\"symbol\":\"XAGUSDT\",\"side\":\"Buy\",\"orderType\":\"Market\",\"qty\":\"3.164\",\"timeInForce\":\"GTC\"}","service":"trading-engine","timestamp":"2026-06-04 03:35:04"}
{"level":"info","message":"Order placed: aab1d70f-e833-4172-a72b-6c0b38b8d4c2 for XAGUSDT","service":"trading-engine","timestamp":"2026-06-04 03:35:04"}
{"level":"info","message":"Placing order: {\"category\":\"linear\",\"symbol\":\"XAGUSDT\",\"side\":\"Sell\",\"orderType\":\"Market\",\"qty\":\"3.164\",\"stopPx\":\"71.8\",\"triggerBy\":\"MarkPrice\",\"basePrice\":\"73.38\",\"reduceOnly\":true}","service":"trading-engine","timestamp":"2026-06-04 03:35:05"}
{"level":"info","message":"Order placed: e4e93bd6-58cf-4726-81c6-ea1b0e893fbb for XAGUSDT","service":"trading-engine","timestamp":"2026-06-04 03:35:05"}
{"level":"info","message":"Placing order: {\"category\":\"linear\",\"symbol\":\"XAGUSDT\",\"side\":\"Sell\",\"orderType\":\"Limit\",\"qty\":\"0.791\",\"timeInForce\":\"GTC\",\"price\":\"74.96\",\"reduceOnly\":true}","service":"trading-engine","timestamp":"2026-06-04 03:35:05"}
{"level":"error","message":"API error in placeOrder: Bybit API error: current position is zero, cannot fix reduce-only order qty","service":"trading-engine","stack":"Error: Bybit API error: current position is zero, cannot fix reduce-only order qty\n    at BybitService.axiosInstance.interceptors.response.use.logger.apiError.status (D:\\project_upwork\\omnitrader\\src\\engine\\services\\bybitService.js:50:17)\n    at process.processTicksAndRejections (node:internal/process/task_queues:104:5)\n    at async Axios.request (D:\\project_upwork\\omnitrader\\src\\engine\\node_modules\\axios\\dist\\node\\axios.cjs:4988:14)\n    at async BybitService.placeOrder (D:\\project_upwork\\omnitrader\\src\\engine\\services\\bybitService.js:256:24)\n    at async EntryService.placeEntryOrder (D:\\project_upwork\\omnitrader\\src\\engine\\services\\entryService.js:155:25)\n    at async main (D:\\project_upwork\\omnitrader\\src\\engine\\cli\\placeEntry.js:53:3)","timestamp":"2026-06-04 03:35:06"}
{"level":"error","message":"API error in placeOrder: Bybit API error: current position is zero, cannot fix reduce-only order qty","service":"trading-engine","stack":"Error: Bybit API error: current position is zero, cannot fix reduce-only order qty\n    at BybitService.axiosInstance.interceptors.response.use.logger.apiError.status (D:\\project_upwork\\omnitrader\\src\\engine\\services\\bybitService.js:50:17)\n    at process.processTicksAndRejections (node:internal/process/task_queues:104:5)\n    at async Axios.request (D:\\project_upwork\\omnitrader\\src\\engine\\node_modules\\axios\\dist\\node\\axios.cjs:4988:14)\n    at async BybitService.placeOrder (D:\\project_upwork\\omnitrader\\src\\engine\\services\\bybitService.js:256:24)\n    at async EntryService.placeEntryOrder (D:\\project_upwork\\omnitrader\\src\\engine\\services\\entryService.js:155:25)\n    at async main (D:\\project_upwork\\omnitrader\\src\\engine\\cli\\placeEntry.js:53:3)","timestamp":"2026-06-04 03:35:06"}
{"level":"info","message":"Telegram bot initialized","service":"trading-engine","timestamp":"2026-06-04 03:40:56"}
{"level":"info","message":"Connected to database: D:\\project_upwork\\omnitrader\\db\\trading.db","service":"trading-engine","timestamp":"2026-06-04 03:40:56"}
{"level":"info","message":"Trading engine initialized","service":"trading-engine","timestamp":"2026-06-04 03:40:56"}
{"level":"info","message":"Fetched 100 candles for XAGUSDT h1","service":"trading-engine","timestamp":"2026-06-04 03:40:58"}
{"level":"info","message":"Position size calc: risk=5$, balance=$148.59792336, entry=$73.38, sl=$71.8, size=3.16455696202532","service":"trading-engine","timestamp":"2026-06-04 03:41:00"}
{"level":"info","message":"TP prices calc: entry=$73.38, sl=$71.8, TPs=$74.96, $76.54, $78.12, $79.70","service":"trading-engine","timestamp":"2026-06-04 03:41:00"}
{"level":"info","message":"Placing order: {\"category\":\"linear\",\"symbol\":\"XAGUSDT\",\"side\":\"Buy\",\"orderType\":\"Market\",\"qty\":\"3.164\",\"timeInForce\":\"GTC\"}","service":"trading-engine","timestamp":"2026-06-04 03:41:00"}
{"level":"info","message":"Order placed: 88895c29-fe5d-49f6-b95e-5d8c724015a5 for XAGUSDT","service":"trading-engine","timestamp":"2026-06-04 03:41:00"}
{"level":"info","message":"Placing order: {\"category\":\"linear\",\"symbol\":\"XAGUSDT\",\"side\":\"Sell\",\"orderType\":\"Market\",\"qty\":\"3.164\",\"timeInForce\":\"GTC\",\"triggerPrice\":\"71.8\",\"triggerDirection\":2,\"triggerBy\":\"MarkPrice\",\"reduceOnly\":true}","service":"trading-engine","timestamp":"2026-06-04 03:41:01"}
{"level":"info","message":"Order placed: b763888a-c05b-4e9f-b8de-23e5db51bfc8 for XAGUSDT","service":"trading-engine","timestamp":"2026-06-04 03:41:01"}
{"level":"info","message":"Placing order: {\"category\":\"linear\",\"symbol\":\"XAGUSDT\",\"side\":\"Sell\",\"orderType\":\"Limit\",\"qty\":\"0.791\",\"timeInForce\":\"GTC\",\"price\":\"74.96\",\"reduceOnly\":true}","service":"trading-engine","timestamp":"2026-06-04 03:41:01"}
{"level":"info","message":"Order placed: f708de13-27fa-4276-a5f1-c839976aaac6 for XAGUSDT","service":"trading-engine","timestamp":"2026-06-04 03:41:02"}
{"level":"info","message":"Placing order: {\"category\":\"linear\",\"symbol\":\"XAGUSDT\",\"side\":\"Sell\",\"orderType\":\"Limit\",\"qty\":\"0.791\",\"timeInForce\":\"GTC\",\"price\":\"76.54\",\"reduceOnly\":true}","service":"trading-engine","timestamp":"2026-06-04 03:41:02"}
{"level":"info","message":"Order placed: edd4dca2-f7b6-4714-8032-66d91e286f35 for XAGUSDT","service":"trading-engine","timestamp":"2026-06-04 03:41:02"}
{"level":"info","message":"Placing order: {\"category\":\"linear\",\"symbol\":\"XAGUSDT\",\"side\":\"Sell\",\"orderType\":\"Limit\",\"qty\":\"0.791\",\"timeInForce\":\"GTC\",\"price\":\"78.12\",\"reduceOnly\":true}","service":"trading-engine","timestamp":"2026-06-04 03:41:02"}
{"level":"info","message":"Order placed: 03344858-6dbd-499d-afb0-37c444f01f01 for XAGUSDT","service":"trading-engine","timestamp":"2026-06-04 03:41:03"}
{"level":"info","message":"Placing order: {\"category\":\"linear\",\"symbol\":\"XAGUSDT\",\"side\":\"Sell\",\"orderType\":\"Limit\",\"qty\":\"0.791\",\"timeInForce\":\"GTC\",\"price\":\"79.7\",\"reduceOnly\":true}","service":"trading-engine","timestamp":"2026-06-04 03:41:03"}
{"level":"info","message":"Order placed: 351a0f34-eedc-480a-a5bc-f1931064012b for XAGUSDT","service":"trading-engine","timestamp":"2026-06-04 03:41:04"}
{"level":"info","message":"Telegram notification sent: order_placed","service":"trading-engine","timestamp":"2026-06-04 03:41:05"}
{"level":"info","message":"Order placed: #8 entry XAGUSDT @ $73.38 x 3.16455696202532","service":"trading-engine","timestamp":"2026-06-04 03:41:05"}
{"level":"info","message":"Disconnected from database","service":"trading-engine","timestamp":"2026-06-04 03:41:05"}
