{"level":"info","message":"Connected to database: D:\\project_upwork\\omnitrader\\db\\trading.db","service":"trading-engine","timestamp":"2026-06-17 06:47:38"}
{"level":"info","message":"Database schema already migrated to exchange_accounts","service":"trading-engine","timestamp":"2026-06-17 06:47:38"}
{"level":"info","message":"ExchangeService initialized for bybit - key_len=18, secret_len=36, testnet=false","service":"trading-engine","timestamp":"2026-06-17 06:47:38"}
{"level":"info","message":"Connected to database: D:\\project_upwork\\omnitrader\\db\\trading.db","service":"trading-engine","timestamp":"2026-06-17 06:48:57"}
{"level":"info","message":"Database schema already migrated to exchange_accounts","service":"trading-engine","timestamp":"2026-06-17 06:48:57"}
{"level":"info","message":"ExchangeService initialized for bybit - key_len=18, secret_len=36, testnet=false","service":"trading-engine","timestamp":"2026-06-17 06:48:57"}
{"level":"warn","message":"Order status not found for order 106 (Exchange ID: 2c211e01-7add-4711-afa1-e60e1f38c98a)","service":"trading-engine","timestamp":"2026-06-17 06:49:03"}
{"level":"warn","message":"Order status not found for order 107 (Exchange ID: 66af1a8a-5d1a-4d52-9eb5-bde3e1d97c41)","service":"trading-engine","timestamp":"2026-06-17 06:49:03"}
{"level":"warn","message":"Order status not found for order 108 (Exchange ID: 9f5a1482-24f3-4deb-8837-7ebea21758b1)","service":"trading-engine","timestamp":"2026-06-17 06:49:04"}
{"level":"warn","message":"Order status not found for order 105 (Exchange ID: 832321a1-cb9a-4b44-8465-9263fa285a6d)","service":"trading-engine","timestamp":"2026-06-17 06:49:04"}
{"level":"info","message":"Disconnected from database","service":"trading-engine","timestamp":"2026-06-17 06:49:04"}
{"level":"info","message":"Connected to database: D:\\project_upwork\\omnitrader\\db\\trading.db","service":"trading-engine","timestamp":"2026-06-17 06:55:46"}
{"level":"info","message":"Database schema already migrated to exchange_accounts","service":"trading-engine","timestamp":"2026-06-17 06:55:46"}
{"level":"info","message":"ExchangeService initialized for bybit - key_len=18, secret_len=36, testnet=false","service":"trading-engine","timestamp":"2026-06-17 06:55:46"}
{"level":"warn","message":"Order status not found for order 106 (Exchange ID: 2c211e01-7add-4711-afa1-e60e1f38c98a)","service":"trading-engine","timestamp":"2026-06-17 06:55:51"}
{"level":"warn","message":"Order status not found for order 107 (Exchange ID: 66af1a8a-5d1a-4d52-9eb5-bde3e1d97c41)","service":"trading-engine","timestamp":"2026-06-17 06:55:51"}
{"level":"warn","message":"Order status not found for order 108 (Exchange ID: 9f5a1482-24f3-4deb-8837-7ebea21758b1)","service":"trading-engine","timestamp":"2026-06-17 06:55:52"}
{"level":"warn","message":"Order status not found for order 105 (Exchange ID: 832321a1-cb9a-4b44-8465-9263fa285a6d)","service":"trading-engine","timestamp":"2026-06-17 06:55:52"}
{"level":"info","message":"Disconnected from database","service":"trading-engine","timestamp":"2026-06-17 06:55:52"}
{"level":"info","message":"Connected to database: D:\\project_upwork\\omnitrader\\db\\trading.db","service":"trading-engine","timestamp":"2026-06-17 06:56:02"}
{"level":"info","message":"Database schema already migrated to exchange_accounts","service":"trading-engine","timestamp":"2026-06-17 06:56:02"}
{"level":"info","message":"ExchangeService initialized for bybit - key_len=18, secret_len=36, testnet=false","service":"trading-engine","timestamp":"2026-06-17 06:56:02"}
{"level":"warn","message":"Order status not found for order 106 (Exchange ID: 2c211e01-7add-4711-afa1-e60e1f38c98a)","service":"trading-engine","timestamp":"2026-06-17 06:56:06"}
{"level":"warn","message":"Order status not found for order 107 (Exchange ID: 66af1a8a-5d1a-4d52-9eb5-bde3e1d97c41)","service":"trading-engine","timestamp":"2026-06-17 06:56:07"}
{"level":"warn","message":"Order status not found for order 108 (Exchange ID: 9f5a1482-24f3-4deb-8837-7ebea21758b1)","service":"trading-engine","timestamp":"2026-06-17 06:56:07"}
{"level":"warn","message":"Order status not found for order 105 (Exchange ID: 832321a1-cb9a-4b44-8465-9263fa285a6d)","service":"trading-engine","timestamp":"2026-06-17 06:56:08"}
{"level":"info","message":"Disconnected from database","service":"trading-engine","timestamp":"2026-06-17 06:56:08"}
{"level":"info","message":"Connected to database: D:\\project_upwork\\omnitrader\\db\\trading.db","service":"trading-engine","timestamp":"2026-06-17 06:56:21"}
{"level":"info","message":"Database schema already migrated to exchange_accounts","service":"trading-engine","timestamp":"2026-06-17 06:56:21"}
{"level":"info","message":"ExchangeService initialized for bybit - key_len=18, secret_len=36, testnet=false","service":"trading-engine","timestamp":"2026-06-17 06:56:21"}
{"level":"warn","message":"Order status not found for order 106 (Exchange ID: 2c211e01-7add-4711-afa1-e60e1f38c98a)","service":"trading-engine","timestamp":"2026-06-17 06:56:27"}
{"level":"warn","message":"Order status not found for order 107 (Exchange ID: 66af1a8a-5d1a-4d52-9eb5-bde3e1d97c41)","service":"trading-engine","timestamp":"2026-06-17 06:56:27"}
{"level":"warn","message":"Order status not found for order 108 (Exchange ID: 9f5a1482-24f3-4deb-8837-7ebea21758b1)","service":"trading-engine","timestamp":"2026-06-17 06:56:28"}
{"level":"warn","message":"Order status not found for order 105 (Exchange ID: 832321a1-cb9a-4b44-8465-9263fa285a6d)","service":"trading-engine","timestamp":"2026-06-17 06:56:29"}
{"level":"info","message":"Disconnected from database","service":"trading-engine","timestamp":"2026-06-17 06:56:29"}
{"level":"info","message":"Connected to database: D:\\project_upwork\\omnitrader\\db\\trading.db","service":"trading-engine","timestamp":"2026-06-17 06:56:47"}
{"level":"info","message":"Database schema already migrated to exchange_accounts","service":"trading-engine","timestamp":"2026-06-17 06:56:47"}
{"level":"info","message":"ExchangeService initialized for bybit - key_len=18, secret_len=36, testnet=false","service":"trading-engine","timestamp":"2026-06-17 06:56:47"}
{"level":"warn","message":"Order status not found for order 106 (Exchange ID: 2c211e01-7add-4711-afa1-e60e1f38c98a)","service":"trading-engine","timestamp":"2026-06-17 06:56:53"}
{"level":"warn","message":"Order status not found for order 107 (Exchange ID: 66af1a8a-5d1a-4d52-9eb5-bde3e1d97c41)","service":"trading-engine","timestamp":"2026-06-17 06:56:54"}
{"level":"warn","message":"Order status not found for order 108 (Exchange ID: 9f5a1482-24f3-4deb-8837-7ebea21758b1)","service":"trading-engine","timestamp":"2026-06-17 06:56:54"}
{"level":"warn","message":"Order status not found for order 105 (Exchange ID: 832321a1-cb9a-4b44-8465-9263fa285a6d)","service":"trading-engine","timestamp":"2026-06-17 06:56:55"}
{"level":"info","message":"Disconnected from database","service":"trading-engine","timestamp":"2026-06-17 06:56:55"}
{"level":"info","message":"Connected to database: D:\\project_upwork\\omnitrader\\db\\trading.db","service":"trading-engine","timestamp":"2026-06-17 06:58:10"}
{"level":"info","message":"Database schema already migrated to exchange_accounts","service":"trading-engine","timestamp":"2026-06-17 06:58:10"}
{"level":"info","message":"ExchangeService initialized for bybit - key_len=18, secret_len=36, testnet=false","service":"trading-engine","timestamp":"2026-06-17 06:58:10"}
{"level":"warn","message":"Order status not found for order 106 (Exchange ID: 2c211e01-7add-4711-afa1-e60e1f38c98a)","service":"trading-engine","timestamp":"2026-06-17 06:58:16"}
{"level":"warn","message":"Order status not found for order 107 (Exchange ID: 66af1a8a-5d1a-4d52-9eb5-bde3e1d97c41)","service":"trading-engine","timestamp":"2026-06-17 06:58:17"}
{"level":"warn","message":"Order status not found for order 108 (Exchange ID: 9f5a1482-24f3-4deb-8837-7ebea21758b1)","service":"trading-engine","timestamp":"2026-06-17 06:58:17"}
{"level":"warn","message":"Order status not found for order 105 (Exchange ID: 832321a1-cb9a-4b44-8465-9263fa285a6d)","service":"trading-engine","timestamp":"2026-06-17 06:58:18"}
{"level":"info","message":"Disconnected from database","service":"trading-engine","timestamp":"2026-06-17 06:58:18"}
{"level":"info","message":"Connected to database: D:\\project_upwork\\omnitrader\\db\\trading.db","service":"trading-engine","timestamp":"2026-06-17 06:59:33"}
{"level":"info","message":"Database schema already migrated to exchange_accounts","service":"trading-engine","timestamp":"2026-06-17 06:59:33"}
{"level":"info","message":"ExchangeService initialized for bybit - key_len=18, secret_len=36, testnet=false","service":"trading-engine","timestamp":"2026-06-17 06:59:33"}
{"level":"info","message":"Disconnected from database","service":"trading-engine","timestamp":"2026-06-17 06:59:40"}
{"level":"info","message":"Connected to database: D:\\project_upwork\\omnitrader\\db\\trading.db","service":"trading-engine","timestamp":"2026-06-17 07:00:05"}
{"level":"info","message":"Database schema already migrated to exchange_accounts","service":"trading-engine","timestamp":"2026-06-17 07:00:05"}
{"level":"info","message":"ExchangeService initialized for bybit - key_len=18, secret_len=36, testnet=false","service":"trading-engine","timestamp":"2026-06-17 07:00:05"}
{"level":"warn","message":"Order status not found for order 106 (Exchange ID: 2c211e01-7add-4711-afa1-e60e1f38c98a)","service":"trading-engine","timestamp":"2026-06-17 07:00:12"}
{"level":"warn","message":"Order status not found for order 107 (Exchange ID: 66af1a8a-5d1a-4d52-9eb5-bde3e1d97c41)","service":"trading-engine","timestamp":"2026-06-17 07:00:13"}
{"level":"warn","message":"Order status not found for order 108 (Exchange ID: 9f5a1482-24f3-4deb-8837-7ebea21758b1)","service":"trading-engine","timestamp":"2026-06-17 07:00:14"}
{"level":"warn","message":"Order status not found for order 105 (Exchange ID: 832321a1-cb9a-4b44-8465-9263fa285a6d)","service":"trading-engine","timestamp":"2026-06-17 07:00:14"}
{"level":"info","message":"Disconnected from database","service":"trading-engine","timestamp":"2026-06-17 07:00:14"}
{"level":"info","message":"Connected to database: D:\\project_upwork\\omnitrader\\db\\trading.db","service":"trading-engine","timestamp":"2026-06-17 07:01:15"}
{"level":"info","message":"Database schema already migrated to exchange_accounts","service":"trading-engine","timestamp":"2026-06-17 07:01:15"}
{"level":"info","message":"ExchangeService initialized for bybit - key_len=18, secret_len=36, testnet=false","service":"trading-engine","timestamp":"2026-06-17 07:01:15"}
{"level":"info","message":"Disconnected from database","service":"trading-engine","timestamp":"2026-06-17 07:01:22"}
{"level":"info","message":"Connected to database: D:\\project_upwork\\omnitrader\\db\\trading.db","service":"trading-engine","timestamp":"2026-06-17 07:09:24"}
{"level":"info","message":"Database schema already migrated to exchange_accounts","service":"trading-engine","timestamp":"2026-06-17 07:09:24"}
{"level":"info","message":"ExchangeService initialized for bybit - key_len=18, secret_len=36, testnet=false","service":"trading-engine","timestamp":"2026-06-17 07:09:24"}
{"level":"warn","message":"Order status not found for order 106 (Exchange ID: 2c211e01-7add-4711-afa1-e60e1f38c98a)","service":"trading-engine","timestamp":"2026-06-17 07:09:34"}
{"level":"warn","message":"Order status not found for order 107 (Exchange ID: 66af1a8a-5d1a-4d52-9eb5-bde3e1d97c41)","service":"trading-engine","timestamp":"2026-06-17 07:09:35"}
{"level":"warn","message":"Order status not found for order 108 (Exchange ID: 9f5a1482-24f3-4deb-8837-7ebea21758b1)","service":"trading-engine","timestamp":"2026-06-17 07:09:35"}
{"level":"warn","message":"Order status not found for order 105 (Exchange ID: 832321a1-cb9a-4b44-8465-9263fa285a6d)","service":"trading-engine","timestamp":"2026-06-17 07:09:36"}
{"level":"info","message":"Disconnected from database","service":"trading-engine","timestamp":"2026-06-17 07:09:36"}
{"level":"info","message":"Connected to database: D:\\project_upwork\\omnitrader\\db\\trading.db","service":"trading-engine","timestamp":"2026-06-17 07:11:40"}
{"level":"info","message":"Database schema already migrated to exchange_accounts","service":"trading-engine","timestamp":"2026-06-17 07:11:40"}
{"level":"info","message":"ExchangeService initialized for bybit - key_len=18, secret_len=36, testnet=false","service":"trading-engine","timestamp":"2026-06-17 07:11:40"}
{"level":"warn","message":"Order status not found for order 101 (Exchange ID: d76f3c7d-ff8f-4b34-bd23-6315a5801c64)","service":"trading-engine","timestamp":"2026-06-17 07:11:51"}
{"level":"warn","message":"Order status not found for order 102 (Exchange ID: f9e3b0e2-21ea-4f6a-a935-29bca136f3df)","service":"trading-engine","timestamp":"2026-06-17 07:11:51"}
{"level":"warn","message":"Order status not found for order 103 (Exchange ID: 1c9988b6-36d7-49ba-9c81-7a30ffaab6bf)","service":"trading-engine","timestamp":"2026-06-17 07:11:52"}
{"level":"warn","message":"Order status not found for order 100 (Exchange ID: 01716c86-583c-4abd-9c3e-afcac4924a11)","service":"trading-engine","timestamp":"2026-06-17 07:11:53"}
{"level":"info","message":"Disconnected from database","service":"trading-engine","timestamp":"2026-06-17 07:11:53"}
{"level":"info","message":"Connected to database: D:\\project_upwork\\omnitrader\\db\\trading.db","service":"trading-engine","timestamp":"2026-06-17 07:19:51"}
{"level":"info","message":"Database schema already migrated to exchange_accounts","service":"trading-engine","timestamp":"2026-06-17 07:19:51"}
{"level":"info","message":"ExchangeService initialized for bybit - key_len=18, secret_len=36, testnet=false","service":"trading-engine","timestamp":"2026-06-17 07:19:51"}
{"level":"warn","message":"Order status not found for order 106 (Exchange ID: 2c211e01-7add-4711-afa1-e60e1f38c98a)","service":"trading-engine","timestamp":"2026-06-17 07:19:57"}
{"level":"warn","message":"Order status not found for order 107 (Exchange ID: 66af1a8a-5d1a-4d52-9eb5-bde3e1d97c41)","service":"trading-engine","timestamp":"2026-06-17 07:19:57"}
{"level":"warn","message":"Order status not found for order 108 (Exchange ID: 9f5a1482-24f3-4deb-8837-7ebea21758b1)","service":"trading-engine","timestamp":"2026-06-17 07:19:58"}
{"level":"warn","message":"Order status not found for order 105 (Exchange ID: 832321a1-cb9a-4b44-8465-9263fa285a6d)","service":"trading-engine","timestamp":"2026-06-17 07:19:58"}
{"level":"info","message":"Disconnected from database","service":"trading-engine","timestamp":"2026-06-17 07:19:58"}
{"level":"info","message":"Connected to database: D:\\project_upwork\\omnitrader\\db\\trading.db","service":"trading-engine","timestamp":"2026-06-17 07:23:18"}
{"level":"info","message":"Database schema already migrated to exchange_accounts","service":"trading-engine","timestamp":"2026-06-17 07:23:18"}
{"level":"info","message":"ExchangeService initialized for bybit - key_len=18, secret_len=36, testnet=false","service":"trading-engine","timestamp":"2026-06-17 07:23:18"}
{"level":"warn","message":"Order status not found for order 106 (Exchange ID: 2c211e01-7add-4711-afa1-e60e1f38c98a)","service":"trading-engine","timestamp":"2026-06-17 07:23:29"}
{"level":"warn","message":"Order status not found for order 107 (Exchange ID: 66af1a8a-5d1a-4d52-9eb5-bde3e1d97c41)","service":"trading-engine","timestamp":"2026-06-17 07:23:29"}
{"level":"warn","message":"Order status not found for order 108 (Exchange ID: 9f5a1482-24f3-4deb-8837-7ebea21758b1)","service":"trading-engine","timestamp":"2026-06-17 07:23:30"}
{"level":"warn","message":"Order status not found for order 105 (Exchange ID: 832321a1-cb9a-4b44-8465-9263fa285a6d)","service":"trading-engine","timestamp":"2026-06-17 07:23:30"}
{"level":"info","message":"Disconnected from database","service":"trading-engine","timestamp":"2026-06-17 07:23:30"}
{"level":"info","message":"Connected to database: D:\\project_upwork\\omnitrader\\db\\trading.db","service":"trading-engine","timestamp":"2026-06-17 07:25:33"}
{"level":"info","message":"Database schema already migrated to exchange_accounts","service":"trading-engine","timestamp":"2026-06-17 07:25:33"}
{"level":"info","message":"ExchangeService initialized for bybit - key_len=18, secret_len=36, testnet=false","service":"trading-engine","timestamp":"2026-06-17 07:25:33"}
{"level":"warn","message":"Order status not found for order 106 (Exchange ID: 2c211e01-7add-4711-afa1-e60e1f38c98a)","service":"trading-engine","timestamp":"2026-06-17 07:25:39"}
{"level":"warn","message":"Order status not found for order 107 (Exchange ID: 66af1a8a-5d1a-4d52-9eb5-bde3e1d97c41)","service":"trading-engine","timestamp":"2026-06-17 07:25:40"}
{"level":"warn","message":"Order status not found for order 108 (Exchange ID: 9f5a1482-24f3-4deb-8837-7ebea21758b1)","service":"trading-engine","timestamp":"2026-06-17 07:25:40"}
{"level":"warn","message":"Order status not found for order 105 (Exchange ID: 832321a1-cb9a-4b44-8465-9263fa285a6d)","service":"trading-engine","timestamp":"2026-06-17 07:25:41"}
{"level":"info","message":"Disconnected from database","service":"trading-engine","timestamp":"2026-06-17 07:25:41"}
{"level":"info","message":"Connected to database: D:\\project_upwork\\omnitrader\\db\\trading.db","service":"trading-engine","timestamp":"2026-06-17 07:28:48"}
{"level":"info","message":"Database schema already migrated to exchange_accounts","service":"trading-engine","timestamp":"2026-06-17 07:28:48"}
{"level":"info","message":"ExchangeService initialized for bybit - key_len=18, secret_len=36, testnet=false","service":"trading-engine","timestamp":"2026-06-17 07:28:48"}
{"level":"info","message":"Disconnected from database","service":"trading-engine","timestamp":"2026-06-17 07:28:56"}
{"level":"info","message":"Connected to database: D:\\project_upwork\\omnitrader\\db\\trading.db","service":"trading-engine","timestamp":"2026-06-17 07:29:25"}
{"level":"info","message":"Database schema already migrated to exchange_accounts","service":"trading-engine","timestamp":"2026-06-17 07:29:25"}
{"level":"info","message":"ExchangeService initialized for bybit - key_len=18, secret_len=36, testnet=false","service":"trading-engine","timestamp":"2026-06-17 07:29:25"}
{"level":"info","message":"Disconnected from database","service":"trading-engine","timestamp":"2026-06-17 07:29:31"}
